Arguments: 
  C:\Program Files\nodejs\node.exe C:\Users\alrodgom\AppData\Roaming\npm\node_modules\yarn\bin\yarn.js add -D jest @types/jest

PATH: 
  C:\WINDOWS\system32;C:\WINDOWS;C:\WINDOWS\System32\Wbem;C:\WINDOWS\System32\WindowsPowerShell\v1.0\;C:\WINDOWS\System32\OpenSSH\;C:\Program Files\dotnet\;C:\Users\Administrator\AppData\Roaming\nvm;C:\Program Files\nodejs;C:\SonarQube\sonar-scanner-msbuild-5.8.0.52797-net46;C:\Program Files\Microsoft Visual Studio\2022\Enterprise\MSBuild\Current\Bin;C:\Program Files\Azure Data Studio\bin;C:\Users\alrodgom\AppData\Local\Microsoft\WindowsApps;C:\Users\Administrator\AppData\Roaming\nvm;C:\Users\alrodgom\AppData\Roaming\npm;C:\Users\alrodgom\AppData\Local\Programs\Microsoft VS Code\bin;C:\Users\alrodgom\.dotnet\tools;C:\Users\alrodgom\AppData\Local\Programs\Git\cmd;;C:\Users\alrodgom\AppData\Local\Programs\Microsoft VS Code\bin

Yarn version: 
  1.22.19

Node version: 
  16.17.1

Platform: 
  win32 x64

Trace: 
  SyntaxError: C:\Users\alrodgom\Music\ESTUDOS\TDD-NODE\package.json: Unexpected token } in JSON at position 251
      at JSON.parse (<anonymous>)
      at C:\Users\alrodgom\AppData\Roaming\npm\node_modules\yarn\lib\cli.js:1629:59
      at Generator.next (<anonymous>)
      at step (C:\Users\alrodgom\AppData\Roaming\npm\node_modules\yarn\lib\cli.js:310:30)
      at C:\Users\alrodgom\AppData\Roaming\npm\node_modules\yarn\lib\cli.js:321:13

npm manifest: 
  {
    "name": "TDD-NODE",
    "version": "1.0.0",
    "main": "index.js",  
    "scripts": {
      "test": "jest --passWithNoTests --no-cache --runInBand",
      "test:watch": "npm t -- --watch",
      "lint": "eslint .",
      "lint:fix": "npm run lint -- --fix",
    },
    "license": "MIT"
  }

yarn manifest: 
  No manifest

Lockfile: 
  No lockfile
